<?xml version="1.0" encoding="UTF-8"?>
<!-- Generated by org.testng.reporters.JUnitReportReporter -->
<testsuite hostname="DESKTOP-CM7QV2O" name="com.caat.qa.testcases.CAAT_CreateAccount_Test" tests="5" failures="0" timestamp="17 Jul 2020 05:35:00 GMT" time="157.998" errors="0">
  <testcase name="LaunchApplication_Test" time="22.235" classname="com.caat.qa.testcases.CAAT_CreateAccount_Test"/>
  <testcase name="validate_SignIn_Label_Test" time="22.889" classname="com.caat.qa.testcases.CAAT_CreateAccount_Test"/>
  <testcase name="ClosingTheApplication_Test" time="23.661" classname="com.caat.qa.testcases.CAAT_CreateAccount_Test"/>
  <testcase name="CAAT_CreateNewAccount_Test" time="65.236" classname="com.caat.qa.testcases.CAAT_CreateAccount_Test"/>
  <testcase name="validate_CAAT_MainPage_TitleAndURL_Test" time="23.977" classname="com.caat.qa.testcases.CAAT_CreateAccount_Test"/>
</testsuite> <!-- com.caat.qa.testcases.CAAT_CreateAccount_Test -->
