<?xml version="1.0" encoding="UTF-8"?>
<!-- Generated by org.testng.reporters.JUnitReportReporter -->
<testsuite hostname="DESKTOP-CM7QV2O" name="com.caat.qa.testcases.CAAT_OpenApplication_Test" tests="3" failures="0" timestamp="17 Jul 2020 04:16:11 GMT" time="71.140" errors="0">
  <testcase name="CAAT_CloseApp_Test" time="24.496" classname="com.caat.qa.testcases.CAAT_OpenApplication_Test"/>
  <testcase name="LaunchApplication_Test" time="21.853" classname="com.caat.qa.testcases.CAAT_OpenApplication_Test"/>
  <testcase name="validate_CAAT_MainPage_TitleAndURL_Test" time="24.791" classname="com.caat.qa.testcases.CAAT_OpenApplication_Test"/>
</testsuite> <!-- com.caat.qa.testcases.CAAT_OpenApplication_Test -->
