<?xml version="1.0" encoding="UTF-8"?>
<!-- Generated by org.testng.reporters.JUnitReportReporter -->
<testsuite hostname="DESKTOP-CM7QV2O" name="com.caat.qa.testcases.CAAT_CreateAccount_Test" tests="2" failures="0" timestamp="17 Jul 2020 04:21:45 GMT" time="78.683" errors="0">
  <testcase name="CAAT_CreateNewAccount_Test" time="58.773" classname="com.caat.qa.testcases.CAAT_CreateAccount_Test"/>
  <testcase name="ClosingTheApplication_Test" time="19.910" classname="com.caat.qa.testcases.CAAT_CreateAccount_Test"/>
</testsuite> <!-- com.caat.qa.testcases.CAAT_CreateAccount_Test -->
