<?xml version="1.0" encoding="UTF-8"?>
<!-- Generated by org.testng.reporters.JUnitReportReporter -->
<testsuite hostname="DESKTOP-CM7QV2O" name="com.caat.qa.testcases.CAAT_Login_Test" tests="3" failures="0" timestamp="17 Jul 2020 05:35:00 GMT" time="79.198" errors="0">
  <testcase name="CAAT_CloseApp_Test" time="22.904" classname="com.caat.qa.testcases.CAAT_Login_Test"/>
  <testcase name="LaunchApplication_Test" time="20.033" classname="com.caat.qa.testcases.CAAT_Login_Test"/>
  <testcase name="CAAT_LoginVerification_Test" time="36.261" classname="com.caat.qa.testcases.CAAT_Login_Test"/>
</testsuite> <!-- com.caat.qa.testcases.CAAT_Login_Test -->
