<?xml version="1.0" encoding="UTF-8"?>
<!-- Generated by org.testng.reporters.JUnitReportReporter -->
<testsuite hostname="DESKTOP-CM7QV2O" name="com.caat.qa.testcases.CAAT_OpenApplication_Test" tests="3" failures="0" timestamp="16 Jul 2020 11:42:00 GMT" time="75.183" errors="0">
  <testcase name="LaunchApplication_Test" time="24.223" classname="com.caat.qa.testcases.CAAT_OpenApplication_Test"/>
  <testcase name="CAAT_CloseApp_Test" time="25.446" classname="com.caat.qa.testcases.CAAT_OpenApplication_Test"/>
  <testcase name="validate_CAAT_MainPage_TitleAndURL_Test" time="25.514" classname="com.caat.qa.testcases.CAAT_OpenApplication_Test"/>
</testsuite> <!-- com.caat.qa.testcases.CAAT_OpenApplication_Test -->
